10:41:48.231 [ApplicationImpl pooled thread 33] INFO  c.b.l.BrowserStackRunExtension - cucumber java
10:41:48.233 [ApplicationImpl pooled thread 33] INFO  com.browserstack.utils.Helpers - null
10:41:48.234 [ApplicationImpl pooled thread 33] INFO  c.b.l.BrowserStackRunExtension - Agent path: null
10:42:01.918 [ApplicationImpl pooled thread 23] INFO  c.b.l.BrowserStackRunExtension - junit
10:42:01.918 [ApplicationImpl pooled thread 23] INFO  com.browserstack.utils.Helpers - null
10:42:01.920 [ApplicationImpl pooled thread 23] INFO  c.b.l.BrowserStackRunExtension - Agent path: null
10:45:39.000 [ApplicationImpl pooled thread 50] INFO  c.b.l.BrowserStackRunExtension - junit
10:45:39.001 [ApplicationImpl pooled thread 50] INFO  com.browserstack.utils.Helpers - null
10:45:39.001 [ApplicationImpl pooled thread 50] INFO  c.b.l.BrowserStackRunExtension - Agent path: null
10:46:37.117 [ApplicationImpl pooled thread 33] INFO  c.b.l.BrowserStackRunExtension - junit
10:46:37.117 [ApplicationImpl pooled thread 33] INFO  com.browserstack.utils.Helpers - null
10:46:37.119 [ApplicationImpl pooled thread 33] INFO  c.b.l.BrowserStackRunExtension - Agent path: null
13:32:08.616 [ApplicationImpl pooled thread 127] INFO  c.b.l.BrowserStackRunExtension - cucumber java
13:32:08.616 [ApplicationImpl pooled thread 127] INFO  com.browserstack.utils.Helpers - null
13:32:08.620 [ApplicationImpl pooled thread 127] INFO  c.b.l.BrowserStackRunExtension - Agent path: null
10:31:39.425 [ApplicationImpl pooled thread 12] INFO  c.b.l.BrowserStackRunExtension - cucumber java
10:31:39.426 [ApplicationImpl pooled thread 12] INFO  com.browserstack.utils.Helpers - null
10:31:39.428 [ApplicationImpl pooled thread 12] INFO  c.b.l.BrowserStackRunExtension - Agent path: null
10:45:13.373 [ApplicationImpl pooled thread 48] INFO  c.b.l.BrowserStackRunExtension - cucumber java
10:45:13.373 [ApplicationImpl pooled thread 48] INFO  com.browserstack.utils.Helpers - null
10:45:13.374 [ApplicationImpl pooled thread 48] INFO  c.b.l.BrowserStackRunExtension - Agent path: null
14:37:33.904 [ApplicationImpl pooled thread 102] INFO  c.b.l.BrowserStackRunExtension - cucumber java
14:37:33.904 [ApplicationImpl pooled thread 102] INFO  com.browserstack.utils.Helpers - null
14:37:33.907 [ApplicationImpl pooled thread 102] INFO  c.b.l.BrowserStackRunExtension - Agent path: null
14:38:39.050 [ApplicationImpl pooled thread 114] INFO  c.b.l.BrowserStackRunExtension - junit
14:38:39.050 [ApplicationImpl pooled thread 114] INFO  com.browserstack.utils.Helpers - null
14:38:39.051 [ApplicationImpl pooled thread 114] INFO  c.b.l.BrowserStackRunExtension - Agent path: null
14:44:33.135 [ApplicationImpl pooled thread 114] INFO  c.b.l.BrowserStackRunExtension - cucumber java
14:44:33.136 [ApplicationImpl pooled thread 114] INFO  com.browserstack.utils.Helpers - null
14:44:33.137 [ApplicationImpl pooled thread 114] INFO  c.b.l.BrowserStackRunExtension - Agent path: null
14:52:46.922 [ApplicationImpl pooled thread 135] INFO  c.b.l.BrowserStackRunExtension - cucumber java
14:52:46.922 [ApplicationImpl pooled thread 135] INFO  com.browserstack.utils.Helpers - null
14:52:46.923 [ApplicationImpl pooled thread 135] INFO  c.b.l.BrowserStackRunExtension - Agent path: null
14:52:51.497 [ApplicationImpl pooled thread 136] INFO  c.b.l.BrowserStackRunExtension - cucumber java
14:52:51.498 [ApplicationImpl pooled thread 136] INFO  com.browserstack.utils.Helpers - null
14:52:51.499 [ApplicationImpl pooled thread 136] INFO  c.b.l.BrowserStackRunExtension - Agent path: null
14:54:58.103 [ApplicationImpl pooled thread 139] INFO  c.b.l.BrowserStackRunExtension - cucumber java
14:54:58.104 [ApplicationImpl pooled thread 139] INFO  com.browserstack.utils.Helpers - null
14:54:58.106 [ApplicationImpl pooled thread 139] INFO  c.b.l.BrowserStackRunExtension - Agent path: null
14:58:22.638 [ApplicationImpl pooled thread 144] INFO  c.b.l.BrowserStackRunExtension - cucumber java
14:58:22.638 [ApplicationImpl pooled thread 144] INFO  com.browserstack.utils.Helpers - null
14:58:22.640 [ApplicationImpl pooled thread 144] INFO  c.b.l.BrowserStackRunExtension - Agent path: null
15:08:02.623 [ApplicationImpl pooled thread 156] INFO  c.b.l.BrowserStackRunExtension - junit
15:08:02.623 [ApplicationImpl pooled thread 156] INFO  com.browserstack.utils.Helpers - null
15:08:02.625 [ApplicationImpl pooled thread 156] INFO  c.b.l.BrowserStackRunExtension - Agent path: null
15:08:27.916 [ApplicationImpl pooled thread 147] INFO  c.b.l.BrowserStackRunExtension - junit
15:08:27.916 [ApplicationImpl pooled thread 147] INFO  com.browserstack.utils.Helpers - null
15:08:27.917 [ApplicationImpl pooled thread 147] INFO  c.b.l.BrowserStackRunExtension - Agent path: null
19:06:20.887 [ApplicationImpl pooled thread 11] INFO  c.b.l.BrowserStackRunExtension - cucumber java
19:06:20.889 [ApplicationImpl pooled thread 11] INFO  com.browserstack.utils.Helpers - null
19:06:20.891 [ApplicationImpl pooled thread 11] INFO  c.b.l.BrowserStackRunExtension - Agent path: null
19:10:01.912 [ApplicationImpl pooled thread 22] INFO  c.b.l.BrowserStackRunExtension - cucumber java
19:10:01.913 [ApplicationImpl pooled thread 22] INFO  com.browserstack.utils.Helpers - null
19:10:01.916 [ApplicationImpl pooled thread 22] INFO  c.b.l.BrowserStackRunExtension - Agent path: null
19:11:51.260 [ApplicationImpl pooled thread 46] INFO  c.b.l.BrowserStackRunExtension - cucumber java
19:11:51.261 [ApplicationImpl pooled thread 46] INFO  com.browserstack.utils.Helpers - null
19:11:51.263 [ApplicationImpl pooled thread 46] INFO  c.b.l.BrowserStackRunExtension - Agent path: null
19:13:28.870 [ApplicationImpl pooled thread 42] INFO  c.b.l.BrowserStackRunExtension - cucumber java
19:13:28.871 [ApplicationImpl pooled thread 42] INFO  com.browserstack.utils.Helpers - null
19:13:28.873 [ApplicationImpl pooled thread 42] INFO  c.b.l.BrowserStackRunExtension - Agent path: null
19:14:00.496 [ApplicationImpl pooled thread 45] INFO  c.b.l.BrowserStackRunExtension - cucumber java
19:14:00.497 [ApplicationImpl pooled thread 45] INFO  com.browserstack.utils.Helpers - null
19:14:00.498 [ApplicationImpl pooled thread 45] INFO  c.b.l.BrowserStackRunExtension - Agent path: null
19:16:38.636 [ApplicationImpl pooled thread 25] INFO  c.b.l.BrowserStackRunExtension - cucumber java
19:16:38.636 [ApplicationImpl pooled thread 25] INFO  com.browserstack.utils.Helpers - null
19:16:38.637 [ApplicationImpl pooled thread 25] INFO  c.b.l.BrowserStackRunExtension - Agent path: null
19:17:42.730 [ApplicationImpl pooled thread 45] INFO  c.b.l.BrowserStackRunExtension - cucumber java
19:17:42.730 [ApplicationImpl pooled thread 45] INFO  com.browserstack.utils.Helpers - null
19:17:42.732 [ApplicationImpl pooled thread 45] INFO  c.b.l.BrowserStackRunExtension - Agent path: null
19:19:02.305 [ApplicationImpl pooled thread 49] INFO  c.b.l.BrowserStackRunExtension - cucumber java
19:19:02.305 [ApplicationImpl pooled thread 49] INFO  com.browserstack.utils.Helpers - null
19:19:02.308 [ApplicationImpl pooled thread 49] INFO  c.b.l.BrowserStackRunExtension - Agent path: null
19:29:36.535 [ApplicationImpl pooled thread 71] INFO  c.b.l.BrowserStackRunExtension - junit
19:29:36.535 [ApplicationImpl pooled thread 71] INFO  com.browserstack.utils.Helpers - null
19:29:36.537 [ApplicationImpl pooled thread 71] INFO  c.b.l.BrowserStackRunExtension - Agent path: null
19:34:37.786 [ApplicationImpl pooled thread 62] INFO  c.b.l.BrowserStackRunExtension - junit
19:34:37.786 [ApplicationImpl pooled thread 62] INFO  com.browserstack.utils.Helpers - null
19:34:37.787 [ApplicationImpl pooled thread 62] INFO  c.b.l.BrowserStackRunExtension - Agent path: null
19:35:22.829 [ApplicationImpl pooled thread 68] INFO  c.b.l.BrowserStackRunExtension - junit
19:35:22.829 [ApplicationImpl pooled thread 68] INFO  com.browserstack.utils.Helpers - null
19:35:22.831 [ApplicationImpl pooled thread 68] INFO  c.b.l.BrowserStackRunExtension - Agent path: null
19:37:37.102 [ApplicationImpl pooled thread 68] INFO  c.b.l.BrowserStackRunExtension - junit
19:37:37.102 [ApplicationImpl pooled thread 68] INFO  com.browserstack.utils.Helpers - null
19:37:37.103 [ApplicationImpl pooled thread 68] INFO  c.b.l.BrowserStackRunExtension - Agent path: null
19:38:20.785 [ApplicationImpl pooled thread 68] INFO  c.b.l.BrowserStackRunExtension - junit
19:38:20.785 [ApplicationImpl pooled thread 68] INFO  com.browserstack.utils.Helpers - null
19:38:20.785 [ApplicationImpl pooled thread 68] INFO  c.b.l.BrowserStackRunExtension - Agent path: null
19:38:57.465 [ApplicationImpl pooled thread 85] INFO  c.b.l.BrowserStackRunExtension - junit
19:38:57.465 [ApplicationImpl pooled thread 85] INFO  com.browserstack.utils.Helpers - null
19:38:57.466 [ApplicationImpl pooled thread 85] INFO  c.b.l.BrowserStackRunExtension - Agent path: null
19:44:54.098 [ApplicationImpl pooled thread 93] INFO  c.b.l.BrowserStackRunExtension - cucumber java
19:44:54.100 [ApplicationImpl pooled thread 93] INFO  com.browserstack.utils.Helpers - null
19:44:54.101 [ApplicationImpl pooled thread 93] INFO  c.b.l.BrowserStackRunExtension - Agent path: null
19:45:24.285 [ApplicationImpl pooled thread 86] INFO  c.b.l.BrowserStackRunExtension - cucumber java
19:45:24.285 [ApplicationImpl pooled thread 86] INFO  com.browserstack.utils.Helpers - null
19:45:24.287 [ApplicationImpl pooled thread 86] INFO  c.b.l.BrowserStackRunExtension - Agent path: null
19:45:34.285 [ApplicationImpl pooled thread 86] INFO  c.b.l.BrowserStackRunExtension - cucumber java
19:45:34.285 [ApplicationImpl pooled thread 86] INFO  com.browserstack.utils.Helpers - null
19:45:34.286 [ApplicationImpl pooled thread 86] INFO  c.b.l.BrowserStackRunExtension - Agent path: null
19:46:05.746 [ApplicationImpl pooled thread 91] INFO  c.b.l.BrowserStackRunExtension - cucumber java
19:46:05.746 [ApplicationImpl pooled thread 91] INFO  com.browserstack.utils.Helpers - null
19:46:05.748 [ApplicationImpl pooled thread 91] INFO  c.b.l.BrowserStackRunExtension - Agent path: null
19:46:22.619 [ApplicationImpl pooled thread 86] INFO  c.b.l.BrowserStackRunExtension - cucumber java
19:46:22.619 [ApplicationImpl pooled thread 86] INFO  com.browserstack.utils.Helpers - null
19:46:22.621 [ApplicationImpl pooled thread 86] INFO  c.b.l.BrowserStackRunExtension - Agent path: null
19:47:25.106 [ApplicationImpl pooled thread 97] INFO  c.b.l.BrowserStackRunExtension - cucumber java
19:47:25.106 [ApplicationImpl pooled thread 97] INFO  com.browserstack.utils.Helpers - null
19:47:25.107 [ApplicationImpl pooled thread 97] INFO  c.b.l.BrowserStackRunExtension - Agent path: null
19:48:34.850 [ApplicationImpl pooled thread 95] INFO  c.b.l.BrowserStackRunExtension - cucumber java
19:48:34.850 [ApplicationImpl pooled thread 95] INFO  com.browserstack.utils.Helpers - null
19:48:34.852 [ApplicationImpl pooled thread 95] INFO  c.b.l.BrowserStackRunExtension - Agent path: null
19:49:09.543 [ApplicationImpl pooled thread 99] INFO  c.b.l.BrowserStackRunExtension - cucumber java
19:49:09.543 [ApplicationImpl pooled thread 99] INFO  com.browserstack.utils.Helpers - null
19:49:09.544 [ApplicationImpl pooled thread 99] INFO  c.b.l.BrowserStackRunExtension - Agent path: null
19:50:15.044 [ApplicationImpl pooled thread 81] INFO  c.b.l.BrowserStackRunExtension - cucumber java
19:50:15.044 [ApplicationImpl pooled thread 81] INFO  com.browserstack.utils.Helpers - null
19:50:15.046 [ApplicationImpl pooled thread 81] INFO  c.b.l.BrowserStackRunExtension - Agent path: null
19:50:48.393 [ApplicationImpl pooled thread 81] INFO  c.b.l.BrowserStackRunExtension - cucumber java
19:50:48.394 [ApplicationImpl pooled thread 81] INFO  com.browserstack.utils.Helpers - null
19:50:48.395 [ApplicationImpl pooled thread 81] INFO  c.b.l.BrowserStackRunExtension - Agent path: null
19:51:18.832 [ApplicationImpl pooled thread 81] INFO  c.b.l.BrowserStackRunExtension - cucumber java
19:51:18.832 [ApplicationImpl pooled thread 81] INFO  com.browserstack.utils.Helpers - null
19:51:18.833 [ApplicationImpl pooled thread 81] INFO  c.b.l.BrowserStackRunExtension - Agent path: null
19:51:32.112 [ApplicationImpl pooled thread 93] INFO  c.b.l.BrowserStackRunExtension - cucumber java
19:51:32.113 [ApplicationImpl pooled thread 93] INFO  com.browserstack.utils.Helpers - null
19:51:32.114 [ApplicationImpl pooled thread 93] INFO  c.b.l.BrowserStackRunExtension - Agent path: null
19:53:15.749 [ApplicationImpl pooled thread 102] INFO  c.b.l.BrowserStackRunExtension - cucumber java
19:53:15.750 [ApplicationImpl pooled thread 102] INFO  com.browserstack.utils.Helpers - null
19:53:15.751 [ApplicationImpl pooled thread 102] INFO  c.b.l.BrowserStackRunExtension - Agent path: null
19:53:20.865 [ApplicationImpl pooled thread 106] INFO  c.b.l.BrowserStackRunExtension - cucumber java
19:53:20.865 [ApplicationImpl pooled thread 106] INFO  com.browserstack.utils.Helpers - null
19:53:20.865 [ApplicationImpl pooled thread 106] INFO  c.b.l.BrowserStackRunExtension - Agent path: null
19:56:56.984 [ApplicationImpl pooled thread 113] INFO  c.b.l.BrowserStackRunExtension - cucumber java
19:56:56.984 [ApplicationImpl pooled thread 113] INFO  com.browserstack.utils.Helpers - null
19:56:56.986 [ApplicationImpl pooled thread 113] INFO  c.b.l.BrowserStackRunExtension - Agent path: null
19:57:04.938 [ApplicationImpl pooled thread 113] INFO  c.b.l.BrowserStackRunExtension - cucumber java
19:57:04.938 [ApplicationImpl pooled thread 113] INFO  com.browserstack.utils.Helpers - null
19:57:04.941 [ApplicationImpl pooled thread 113] INFO  c.b.l.BrowserStackRunExtension - Agent path: null
19:57:15.574 [ApplicationImpl pooled thread 117] INFO  c.b.l.BrowserStackRunExtension - cucumber java
19:57:15.574 [ApplicationImpl pooled thread 117] INFO  com.browserstack.utils.Helpers - null
19:57:15.576 [ApplicationImpl pooled thread 117] INFO  c.b.l.BrowserStackRunExtension - Agent path: null
19:57:34.529 [ApplicationImpl pooled thread 109] INFO  c.b.l.BrowserStackRunExtension - cucumber java
19:57:34.529 [ApplicationImpl pooled thread 109] INFO  com.browserstack.utils.Helpers - null
19:57:34.530 [ApplicationImpl pooled thread 109] INFO  c.b.l.BrowserStackRunExtension - Agent path: null
19:58:09.145 [ApplicationImpl pooled thread 118] INFO  c.b.l.BrowserStackRunExtension - junit
19:58:09.146 [ApplicationImpl pooled thread 118] INFO  com.browserstack.utils.Helpers - null
19:58:09.147 [ApplicationImpl pooled thread 118] INFO  c.b.l.BrowserStackRunExtension - Agent path: null
19:59:22.817 [ApplicationImpl pooled thread 111] INFO  c.b.l.BrowserStackRunExtension - junit
19:59:22.817 [ApplicationImpl pooled thread 111] INFO  com.browserstack.utils.Helpers - null
19:59:22.820 [ApplicationImpl pooled thread 111] INFO  c.b.l.BrowserStackRunExtension - Agent path: null
20:04:03.688 [ApplicationImpl pooled thread 121] INFO  c.b.l.BrowserStackRunExtension - junit
20:04:03.688 [ApplicationImpl pooled thread 121] INFO  com.browserstack.utils.Helpers - null
20:04:03.690 [ApplicationImpl pooled thread 121] INFO  c.b.l.BrowserStackRunExtension - Agent path: null
20:17:46.277 [ApplicationImpl pooled thread 136] INFO  c.b.l.BrowserStackRunExtension - cucumber java
20:17:46.278 [ApplicationImpl pooled thread 136] INFO  com.browserstack.utils.Helpers - null
20:17:46.279 [ApplicationImpl pooled thread 136] INFO  c.b.l.BrowserStackRunExtension - Agent path: null
20:22:03.065 [ApplicationImpl pooled thread 136] INFO  c.b.l.BrowserStackRunExtension - cucumber java
20:22:03.066 [ApplicationImpl pooled thread 136] INFO  com.browserstack.utils.Helpers - null
20:22:03.070 [ApplicationImpl pooled thread 136] INFO  c.b.l.BrowserStackRunExtension - Agent path: null
20:24:00.883 [ApplicationImpl pooled thread 141] INFO  c.b.l.BrowserStackRunExtension - cucumber java
20:24:00.883 [ApplicationImpl pooled thread 141] INFO  com.browserstack.utils.Helpers - null
20:24:00.885 [ApplicationImpl pooled thread 141] INFO  c.b.l.BrowserStackRunExtension - Agent path: null
20:33:48.229 [ApplicationImpl pooled thread 150] INFO  c.b.l.BrowserStackRunExtension - cucumber java
20:33:48.229 [ApplicationImpl pooled thread 150] INFO  com.browserstack.utils.Helpers - null
20:33:48.232 [ApplicationImpl pooled thread 150] INFO  c.b.l.BrowserStackRunExtension - Agent path: null
20:35:13.853 [ApplicationImpl pooled thread 151] INFO  c.b.l.BrowserStackRunExtension - cucumber java
20:35:13.853 [ApplicationImpl pooled thread 151] INFO  com.browserstack.utils.Helpers - null
20:35:13.854 [ApplicationImpl pooled thread 151] INFO  c.b.l.BrowserStackRunExtension - Agent path: null
20:36:35.023 [ApplicationImpl pooled thread 147] INFO  c.b.l.BrowserStackRunExtension - cucumber java
20:36:35.024 [ApplicationImpl pooled thread 147] INFO  com.browserstack.utils.Helpers - null
20:36:35.026 [ApplicationImpl pooled thread 147] INFO  c.b.l.BrowserStackRunExtension - Agent path: null
20:39:06.654 [ApplicationImpl pooled thread 157] INFO  c.b.l.BrowserStackRunExtension - cucumber java
20:39:06.655 [ApplicationImpl pooled thread 157] INFO  com.browserstack.utils.Helpers - null
20:39:06.656 [ApplicationImpl pooled thread 157] INFO  c.b.l.BrowserStackRunExtension - Agent path: null
20:42:00.861 [ApplicationImpl pooled thread 149] INFO  c.b.l.BrowserStackRunExtension - cucumber java
20:42:00.861 [ApplicationImpl pooled thread 149] INFO  com.browserstack.utils.Helpers - null
20:42:00.862 [ApplicationImpl pooled thread 149] INFO  c.b.l.BrowserStackRunExtension - Agent path: null
20:46:58.488 [ApplicationImpl pooled thread 164] INFO  c.b.l.BrowserStackRunExtension - cucumber java
20:46:58.488 [ApplicationImpl pooled thread 164] INFO  com.browserstack.utils.Helpers - null
20:46:58.489 [ApplicationImpl pooled thread 164] INFO  c.b.l.BrowserStackRunExtension - Agent path: null
20:49:09.469 [ApplicationImpl pooled thread 172] INFO  c.b.l.BrowserStackRunExtension - cucumber java
20:49:09.469 [ApplicationImpl pooled thread 172] INFO  com.browserstack.utils.Helpers - null
20:49:09.471 [ApplicationImpl pooled thread 172] INFO  c.b.l.BrowserStackRunExtension - Agent path: null
20:49:45.719 [ApplicationImpl pooled thread 173] INFO  c.b.l.BrowserStackRunExtension - cucumber java
20:49:45.720 [ApplicationImpl pooled thread 173] INFO  com.browserstack.utils.Helpers - null
20:49:45.721 [ApplicationImpl pooled thread 173] INFO  c.b.l.BrowserStackRunExtension - Agent path: null
20:50:34.938 [ApplicationImpl pooled thread 176] INFO  c.b.l.BrowserStackRunExtension - cucumber java
20:50:34.938 [ApplicationImpl pooled thread 176] INFO  com.browserstack.utils.Helpers - null
20:50:34.941 [ApplicationImpl pooled thread 176] INFO  c.b.l.BrowserStackRunExtension - Agent path: null
20:51:10.962 [ApplicationImpl pooled thread 175] INFO  c.b.l.BrowserStackRunExtension - cucumber java
20:51:10.962 [ApplicationImpl pooled thread 175] INFO  com.browserstack.utils.Helpers - null
20:51:10.964 [ApplicationImpl pooled thread 175] INFO  c.b.l.BrowserStackRunExtension - Agent path: null
20:51:52.691 [ApplicationImpl pooled thread 172] INFO  c.b.l.BrowserStackRunExtension - cucumber java
20:51:52.691 [ApplicationImpl pooled thread 172] INFO  com.browserstack.utils.Helpers - null
20:51:52.693 [ApplicationImpl pooled thread 172] INFO  c.b.l.BrowserStackRunExtension - Agent path: null
20:53:55.420 [ApplicationImpl pooled thread 174] INFO  c.b.l.BrowserStackRunExtension - cucumber java
20:53:55.420 [ApplicationImpl pooled thread 174] INFO  com.browserstack.utils.Helpers - null
20:53:55.422 [ApplicationImpl pooled thread 174] INFO  c.b.l.BrowserStackRunExtension - Agent path: null
20:55:37.112 [ApplicationImpl pooled thread 179] INFO  c.b.l.BrowserStackRunExtension - cucumber java
20:55:37.112 [ApplicationImpl pooled thread 179] INFO  com.browserstack.utils.Helpers - null
20:55:37.115 [ApplicationImpl pooled thread 179] INFO  c.b.l.BrowserStackRunExtension - Agent path: null
20:57:21.709 [ApplicationImpl pooled thread 178] INFO  c.b.l.BrowserStackRunExtension - cucumber java
20:57:21.709 [ApplicationImpl pooled thread 178] INFO  com.browserstack.utils.Helpers - null
20:57:21.710 [ApplicationImpl pooled thread 178] INFO  c.b.l.BrowserStackRunExtension - Agent path: null
20:58:15.538 [ApplicationImpl pooled thread 174] INFO  c.b.l.BrowserStackRunExtension - cucumber java
20:58:15.538 [ApplicationImpl pooled thread 174] INFO  com.browserstack.utils.Helpers - null
20:58:15.540 [ApplicationImpl pooled thread 174] INFO  c.b.l.BrowserStackRunExtension - Agent path: null
21:04:22.057 [ApplicationImpl pooled thread 188] INFO  c.b.l.BrowserStackRunExtension - cucumber java
21:04:22.057 [ApplicationImpl pooled thread 188] INFO  com.browserstack.utils.Helpers - null
21:04:22.059 [ApplicationImpl pooled thread 188] INFO  c.b.l.BrowserStackRunExtension - Agent path: null
21:09:12.889 [ApplicationImpl pooled thread 185] INFO  c.b.l.BrowserStackRunExtension - cucumber java
21:09:12.889 [ApplicationImpl pooled thread 185] INFO  com.browserstack.utils.Helpers - null
21:09:12.890 [ApplicationImpl pooled thread 185] INFO  c.b.l.BrowserStackRunExtension - Agent path: null
21:09:30.740 [ApplicationImpl pooled thread 195] INFO  c.b.l.BrowserStackRunExtension - cucumber java
21:09:30.740 [ApplicationImpl pooled thread 195] INFO  com.browserstack.utils.Helpers - null
21:09:30.742 [ApplicationImpl pooled thread 195] INFO  c.b.l.BrowserStackRunExtension - Agent path: null
21:12:20.921 [ApplicationImpl pooled thread 208] INFO  c.b.l.BrowserStackRunExtension - cucumber java
21:12:20.921 [ApplicationImpl pooled thread 208] INFO  com.browserstack.utils.Helpers - null
21:12:20.922 [ApplicationImpl pooled thread 208] INFO  c.b.l.BrowserStackRunExtension - Agent path: null
21:16:32.575 [ApplicationImpl pooled thread 215] INFO  c.b.l.BrowserStackRunExtension - cucumber java
21:16:32.575 [ApplicationImpl pooled thread 215] INFO  com.browserstack.utils.Helpers - null
21:16:32.577 [ApplicationImpl pooled thread 215] INFO  c.b.l.BrowserStackRunExtension - Agent path: null
21:23:32.774 [ApplicationImpl pooled thread 225] INFO  c.b.l.BrowserStackRunExtension - cucumber java
21:23:32.775 [ApplicationImpl pooled thread 225] INFO  com.browserstack.utils.Helpers - null
21:23:32.776 [ApplicationImpl pooled thread 225] INFO  c.b.l.BrowserStackRunExtension - Agent path: null
21:26:09.509 [ApplicationImpl pooled thread 222] INFO  c.b.l.BrowserStackRunExtension - cucumber java
21:26:09.509 [ApplicationImpl pooled thread 222] INFO  com.browserstack.utils.Helpers - null
21:26:09.510 [ApplicationImpl pooled thread 222] INFO  c.b.l.BrowserStackRunExtension - Agent path: null
21:27:06.048 [ApplicationImpl pooled thread 232] INFO  c.b.l.BrowserStackRunExtension - cucumber java
21:27:06.049 [ApplicationImpl pooled thread 232] INFO  com.browserstack.utils.Helpers - null
21:27:06.050 [ApplicationImpl pooled thread 232] INFO  c.b.l.BrowserStackRunExtension - Agent path: null
21:27:49.683 [ApplicationImpl pooled thread 233] INFO  c.b.l.BrowserStackRunExtension - cucumber java
21:27:49.683 [ApplicationImpl pooled thread 233] INFO  com.browserstack.utils.Helpers - null
21:27:49.684 [ApplicationImpl pooled thread 233] INFO  c.b.l.BrowserStackRunExtension - Agent path: null
21:29:08.142 [ApplicationImpl pooled thread 233] INFO  c.b.l.BrowserStackRunExtension - cucumber java
21:29:08.143 [ApplicationImpl pooled thread 233] INFO  com.browserstack.utils.Helpers - null
21:29:08.144 [ApplicationImpl pooled thread 233] INFO  c.b.l.BrowserStackRunExtension - Agent path: null
21:30:18.710 [ApplicationImpl pooled thread 236] INFO  c.b.l.BrowserStackRunExtension - cucumber java
21:30:18.710 [ApplicationImpl pooled thread 236] INFO  com.browserstack.utils.Helpers - null
21:30:18.712 [ApplicationImpl pooled thread 236] INFO  c.b.l.BrowserStackRunExtension - Agent path: null
21:33:32.839 [ApplicationImpl pooled thread 236] INFO  c.b.l.BrowserStackRunExtension - cucumber java
21:33:32.840 [ApplicationImpl pooled thread 236] INFO  com.browserstack.utils.Helpers - null
21:33:32.842 [ApplicationImpl pooled thread 236] INFO  c.b.l.BrowserStackRunExtension - Agent path: null
21:36:51.165 [ApplicationImpl pooled thread 239] INFO  c.b.l.BrowserStackRunExtension - cucumber java
21:36:51.166 [ApplicationImpl pooled thread 239] INFO  com.browserstack.utils.Helpers - null
21:36:51.168 [ApplicationImpl pooled thread 239] INFO  c.b.l.BrowserStackRunExtension - Agent path: null
21:54:07.104 [ApplicationImpl pooled thread 256] INFO  c.b.l.BrowserStackRunExtension - cucumber java
21:54:07.104 [ApplicationImpl pooled thread 256] INFO  com.browserstack.utils.Helpers - null
21:54:07.120 [ApplicationImpl pooled thread 256] INFO  c.b.l.BrowserStackRunExtension - Agent path: null
21:54:33.972 [ApplicationImpl pooled thread 265] INFO  c.b.l.BrowserStackRunExtension - cucumber java
21:54:33.972 [ApplicationImpl pooled thread 265] INFO  com.browserstack.utils.Helpers - null
21:54:33.973 [ApplicationImpl pooled thread 265] INFO  c.b.l.BrowserStackRunExtension - Agent path: null
21:56:26.625 [ApplicationImpl pooled thread 268] INFO  c.b.l.BrowserStackRunExtension - cucumber java
21:56:26.625 [ApplicationImpl pooled thread 268] INFO  com.browserstack.utils.Helpers - null
21:56:26.627 [ApplicationImpl pooled thread 268] INFO  c.b.l.BrowserStackRunExtension - Agent path: null
21:56:55.829 [ApplicationImpl pooled thread 267] INFO  c.b.l.BrowserStackRunExtension - cucumber java
21:56:55.829 [ApplicationImpl pooled thread 267] INFO  com.browserstack.utils.Helpers - null
21:56:55.831 [ApplicationImpl pooled thread 267] INFO  c.b.l.BrowserStackRunExtension - Agent path: null
21:57:33.021 [ApplicationImpl pooled thread 256] INFO  c.b.l.BrowserStackRunExtension - cucumber java
21:57:33.021 [ApplicationImpl pooled thread 256] INFO  com.browserstack.utils.Helpers - null
21:57:33.036 [ApplicationImpl pooled thread 256] INFO  c.b.l.BrowserStackRunExtension - Agent path: null
22:00:47.995 [ApplicationImpl pooled thread 269] INFO  c.b.l.BrowserStackRunExtension - cucumber java
22:00:47.996 [ApplicationImpl pooled thread 269] INFO  com.browserstack.utils.Helpers - null
22:00:47.997 [ApplicationImpl pooled thread 269] INFO  c.b.l.BrowserStackRunExtension - Agent path: null
22:01:43.507 [ApplicationImpl pooled thread 275] INFO  c.b.l.BrowserStackRunExtension - cucumber java
22:01:43.507 [ApplicationImpl pooled thread 275] INFO  com.browserstack.utils.Helpers - null
22:01:43.509 [ApplicationImpl pooled thread 275] INFO  c.b.l.BrowserStackRunExtension - Agent path: null
22:06:15.011 [ApplicationImpl pooled thread 276] INFO  c.b.l.BrowserStackRunExtension - cucumber java
22:06:15.011 [ApplicationImpl pooled thread 276] INFO  com.browserstack.utils.Helpers - null
22:06:15.013 [ApplicationImpl pooled thread 276] INFO  c.b.l.BrowserStackRunExtension - Agent path: null
22:07:46.919 [ApplicationImpl pooled thread 279] INFO  c.b.l.BrowserStackRunExtension - cucumber java
22:07:46.919 [ApplicationImpl pooled thread 279] INFO  com.browserstack.utils.Helpers - null
22:07:46.921 [ApplicationImpl pooled thread 279] INFO  c.b.l.BrowserStackRunExtension - Agent path: null
22:11:12.613 [ApplicationImpl pooled thread 288] INFO  c.b.l.BrowserStackRunExtension - cucumber java
22:11:12.613 [ApplicationImpl pooled thread 288] INFO  com.browserstack.utils.Helpers - null
22:11:12.615 [ApplicationImpl pooled thread 288] INFO  c.b.l.BrowserStackRunExtension - Agent path: null
22:13:52.541 [ApplicationImpl pooled thread 283] INFO  c.b.l.BrowserStackRunExtension - cucumber java
22:13:52.541 [ApplicationImpl pooled thread 283] INFO  com.browserstack.utils.Helpers - null
22:13:52.545 [ApplicationImpl pooled thread 283] INFO  c.b.l.BrowserStackRunExtension - Agent path: null
22:15:12.347 [ApplicationImpl pooled thread 291] INFO  c.b.l.BrowserStackRunExtension - cucumber java
22:15:12.347 [ApplicationImpl pooled thread 291] INFO  com.browserstack.utils.Helpers - null
22:15:12.349 [ApplicationImpl pooled thread 291] INFO  c.b.l.BrowserStackRunExtension - Agent path: null
22:15:59.744 [ApplicationImpl pooled thread 292] INFO  c.b.l.BrowserStackRunExtension - cucumber java
22:15:59.745 [ApplicationImpl pooled thread 292] INFO  com.browserstack.utils.Helpers - null
22:15:59.746 [ApplicationImpl pooled thread 292] INFO  c.b.l.BrowserStackRunExtension - Agent path: null
22:21:09.866 [ApplicationImpl pooled thread 291] INFO  c.b.l.BrowserStackRunExtension - cucumber java
22:21:09.866 [ApplicationImpl pooled thread 291] INFO  com.browserstack.utils.Helpers - null
22:21:09.867 [ApplicationImpl pooled thread 291] INFO  c.b.l.BrowserStackRunExtension - Agent path: null
22:23:42.639 [ApplicationImpl pooled thread 302] INFO  c.b.l.BrowserStackRunExtension - cucumber java
22:23:42.639 [ApplicationImpl pooled thread 302] INFO  com.browserstack.utils.Helpers - null
22:23:42.641 [ApplicationImpl pooled thread 302] INFO  c.b.l.BrowserStackRunExtension - Agent path: null
22:25:31.072 [ApplicationImpl pooled thread 306] INFO  c.b.l.BrowserStackRunExtension - cucumber java
22:25:31.072 [ApplicationImpl pooled thread 306] INFO  com.browserstack.utils.Helpers - null
22:25:31.074 [ApplicationImpl pooled thread 306] INFO  c.b.l.BrowserStackRunExtension - Agent path: null
22:26:05.778 [ApplicationImpl pooled thread 306] INFO  c.b.l.BrowserStackRunExtension - cucumber java
22:26:05.779 [ApplicationImpl pooled thread 306] INFO  com.browserstack.utils.Helpers - null
22:26:05.780 [ApplicationImpl pooled thread 306] INFO  c.b.l.BrowserStackRunExtension - Agent path: null
22:29:07.247 [ApplicationImpl pooled thread 305] INFO  c.b.l.BrowserStackRunExtension - cucumber java
22:29:07.247 [ApplicationImpl pooled thread 305] INFO  com.browserstack.utils.Helpers - null
22:29:07.248 [ApplicationImpl pooled thread 305] INFO  c.b.l.BrowserStackRunExtension - Agent path: null
22:37:59.666 [ApplicationImpl pooled thread 314] INFO  c.b.l.BrowserStackRunExtension - cucumber java
22:37:59.667 [ApplicationImpl pooled thread 314] INFO  com.browserstack.utils.Helpers - null
22:37:59.668 [ApplicationImpl pooled thread 314] INFO  c.b.l.BrowserStackRunExtension - Agent path: null
22:40:54.690 [ApplicationImpl pooled thread 315] INFO  c.b.l.BrowserStackRunExtension - cucumber java
22:40:54.690 [ApplicationImpl pooled thread 315] INFO  com.browserstack.utils.Helpers - null
22:40:54.691 [ApplicationImpl pooled thread 315] INFO  c.b.l.BrowserStackRunExtension - Agent path: null
22:42:58.076 [ApplicationImpl pooled thread 316] INFO  c.b.l.BrowserStackRunExtension - cucumber java
22:42:58.076 [ApplicationImpl pooled thread 316] INFO  com.browserstack.utils.Helpers - null
22:42:58.077 [ApplicationImpl pooled thread 316] INFO  c.b.l.BrowserStackRunExtension - Agent path: null
22:49:10.949 [ApplicationImpl pooled thread 325] INFO  c.b.l.BrowserStackRunExtension - cucumber java
22:49:10.949 [ApplicationImpl pooled thread 325] INFO  com.browserstack.utils.Helpers - null
22:49:10.951 [ApplicationImpl pooled thread 325] INFO  c.b.l.BrowserStackRunExtension - Agent path: null
22:59:35.422 [ApplicationImpl pooled thread 322] INFO  c.b.l.BrowserStackRunExtension - application
22:59:35.422 [ApplicationImpl pooled thread 322] INFO  com.browserstack.utils.Helpers - null
23:01:02.534 [ApplicationImpl pooled thread 335] INFO  c.b.l.BrowserStackRunExtension - application
23:01:02.535 [ApplicationImpl pooled thread 335] INFO  com.browserstack.utils.Helpers - null
23:01:30.338 [ApplicationImpl pooled thread 335] INFO  c.b.l.BrowserStackRunExtension - application
23:01:30.338 [ApplicationImpl pooled thread 335] INFO  com.browserstack.utils.Helpers - null
23:04:30.876 [ApplicationImpl pooled thread 332] INFO  c.b.l.BrowserStackRunExtension - application
23:04:30.876 [ApplicationImpl pooled thread 332] INFO  com.browserstack.utils.Helpers - null
23:46:07.075 [ApplicationImpl pooled thread 364] INFO  c.b.l.BrowserStackRunExtension - cucumber java
23:46:07.076 [ApplicationImpl pooled thread 364] INFO  com.browserstack.utils.Helpers - null
23:46:07.077 [ApplicationImpl pooled thread 364] INFO  c.b.l.BrowserStackRunExtension - Agent path: null
00:15:07.998 [ApplicationImpl pooled thread 378] INFO  c.b.l.BrowserStackRunExtension - cucumber java
00:15:08.000 [ApplicationImpl pooled thread 378] INFO  com.browserstack.utils.Helpers - null
00:15:08.001 [ApplicationImpl pooled thread 378] INFO  c.b.l.BrowserStackRunExtension - Agent path: null
00:15:47.674 [ApplicationImpl pooled thread 369] INFO  c.b.l.BrowserStackRunExtension - junit
00:15:47.675 [ApplicationImpl pooled thread 369] INFO  com.browserstack.utils.Helpers - null
00:15:47.675 [ApplicationImpl pooled thread 369] INFO  c.b.l.BrowserStackRunExtension - Agent path: null
00:21:36.569 [ApplicationImpl pooled thread 388] INFO  c.b.l.BrowserStackRunExtension - cucumber java
00:21:36.569 [ApplicationImpl pooled thread 388] INFO  com.browserstack.utils.Helpers - null
00:21:36.570 [ApplicationImpl pooled thread 388] INFO  c.b.l.BrowserStackRunExtension - Agent path: null
00:31:42.709 [ApplicationImpl pooled thread 397] INFO  c.b.l.BrowserStackRunExtension - cucumber java
00:31:42.709 [ApplicationImpl pooled thread 397] INFO  com.browserstack.utils.Helpers - null
00:31:42.710 [ApplicationImpl pooled thread 397] INFO  c.b.l.BrowserStackRunExtension - Agent path: null
00:39:28.201 [ApplicationImpl pooled thread 399] INFO  c.b.l.BrowserStackRunExtension - cucumber java
00:39:28.201 [ApplicationImpl pooled thread 399] INFO  com.browserstack.utils.Helpers - null
00:39:28.204 [ApplicationImpl pooled thread 399] INFO  c.b.l.BrowserStackRunExtension - Agent path: null
00:44:45.471 [ApplicationImpl pooled thread 413] INFO  c.b.l.BrowserStackRunExtension - junit
00:44:45.472 [ApplicationImpl pooled thread 413] INFO  com.browserstack.utils.Helpers - null
00:44:45.472 [ApplicationImpl pooled thread 413] INFO  c.b.l.BrowserStackRunExtension - Agent path: null
01:06:07.672 [ApplicationImpl pooled thread 441] INFO  c.b.l.BrowserStackRunExtension - junit
01:06:07.672 [ApplicationImpl pooled thread 441] INFO  com.browserstack.utils.Helpers - null
01:06:07.672 [ApplicationImpl pooled thread 441] INFO  c.b.l.BrowserStackRunExtension - Agent path: null
01:58:13.367 [ApplicationImpl pooled thread 477] INFO  c.b.l.BrowserStackRunExtension - junit
01:58:13.367 [ApplicationImpl pooled thread 477] INFO  com.browserstack.utils.Helpers - null
01:58:13.369 [ApplicationImpl pooled thread 477] INFO  c.b.l.BrowserStackRunExtension - Agent path: null
02:07:20.464 [ApplicationImpl pooled thread 480] INFO  c.b.l.BrowserStackRunExtension - junit
02:07:20.464 [ApplicationImpl pooled thread 480] INFO  com.browserstack.utils.Helpers - null
02:07:20.465 [ApplicationImpl pooled thread 480] INFO  c.b.l.BrowserStackRunExtension - Agent path: null
02:08:46.583 [ApplicationImpl pooled thread 485] INFO  c.b.l.BrowserStackRunExtension - junit
02:08:46.583 [ApplicationImpl pooled thread 485] INFO  com.browserstack.utils.Helpers - null
02:08:46.584 [ApplicationImpl pooled thread 485] INFO  c.b.l.BrowserStackRunExtension - Agent path: null
02:09:37.176 [ApplicationImpl pooled thread 487] INFO  c.b.l.BrowserStackRunExtension - junit
02:09:37.176 [ApplicationImpl pooled thread 487] INFO  com.browserstack.utils.Helpers - null
02:09:37.178 [ApplicationImpl pooled thread 487] INFO  c.b.l.BrowserStackRunExtension - Agent path: null
02:11:50.485 [ApplicationImpl pooled thread 481] INFO  c.b.l.BrowserStackRunExtension - cucumber java
02:11:50.485 [ApplicationImpl pooled thread 481] INFO  com.browserstack.utils.Helpers - null
02:11:50.486 [ApplicationImpl pooled thread 481] INFO  c.b.l.BrowserStackRunExtension - Agent path: null
02:15:23.536 [ApplicationImpl pooled thread 485] INFO  c.b.l.BrowserStackRunExtension - cucumber java
02:15:23.536 [ApplicationImpl pooled thread 485] INFO  com.browserstack.utils.Helpers - null
02:15:23.537 [ApplicationImpl pooled thread 485] INFO  c.b.l.BrowserStackRunExtension - Agent path: null
02:17:11.669 [ApplicationImpl pooled thread 495] INFO  c.b.l.BrowserStackRunExtension - cucumber java
02:17:11.669 [ApplicationImpl pooled thread 495] INFO  com.browserstack.utils.Helpers - null
02:17:11.670 [ApplicationImpl pooled thread 495] INFO  c.b.l.BrowserStackRunExtension - Agent path: null
02:29:29.623 [ApplicationImpl pooled thread 503] INFO  c.b.l.BrowserStackRunExtension - cucumber java
02:29:29.624 [ApplicationImpl pooled thread 503] INFO  com.browserstack.utils.Helpers - null
02:29:29.626 [ApplicationImpl pooled thread 503] INFO  c.b.l.BrowserStackRunExtension - Agent path: null
02:31:15.131 [ApplicationImpl pooled thread 510] INFO  c.b.l.BrowserStackRunExtension - junit
02:31:15.131 [ApplicationImpl pooled thread 510] INFO  com.browserstack.utils.Helpers - null
02:31:15.132 [ApplicationImpl pooled thread 510] INFO  c.b.l.BrowserStackRunExtension - Agent path: null
02:32:00.711 [ApplicationImpl pooled thread 509] INFO  c.b.l.BrowserStackRunExtension - junit
02:32:00.711 [ApplicationImpl pooled thread 509] INFO  com.browserstack.utils.Helpers - null
02:32:00.712 [ApplicationImpl pooled thread 509] INFO  c.b.l.BrowserStackRunExtension - Agent path: null
02:32:19.349 [ApplicationImpl pooled thread 511] INFO  c.b.l.BrowserStackRunExtension - junit
02:32:19.349 [ApplicationImpl pooled thread 511] INFO  com.browserstack.utils.Helpers - null
02:32:19.350 [ApplicationImpl pooled thread 511] INFO  c.b.l.BrowserStackRunExtension - Agent path: null
02:32:42.100 [ApplicationImpl pooled thread 509] INFO  c.b.l.BrowserStackRunExtension - junit
02:32:42.100 [ApplicationImpl pooled thread 509] INFO  com.browserstack.utils.Helpers - null
02:32:42.101 [ApplicationImpl pooled thread 509] INFO  c.b.l.BrowserStackRunExtension - Agent path: null
02:32:55.056 [ApplicationImpl pooled thread 509] INFO  c.b.l.BrowserStackRunExtension - cucumber java
02:32:55.056 [ApplicationImpl pooled thread 509] INFO  com.browserstack.utils.Helpers - null
02:32:55.058 [ApplicationImpl pooled thread 509] INFO  c.b.l.BrowserStackRunExtension - Agent path: null
02:33:24.174 [ApplicationImpl pooled thread 513] INFO  c.b.l.BrowserStackRunExtension - junit
02:33:24.174 [ApplicationImpl pooled thread 513] INFO  com.browserstack.utils.Helpers - null
02:33:24.176 [ApplicationImpl pooled thread 513] INFO  c.b.l.BrowserStackRunExtension - Agent path: null
02:34:04.003 [ApplicationImpl pooled thread 508] INFO  c.b.l.BrowserStackRunExtension - junit
02:34:04.003 [ApplicationImpl pooled thread 508] INFO  com.browserstack.utils.Helpers - null
02:34:04.004 [ApplicationImpl pooled thread 508] INFO  c.b.l.BrowserStackRunExtension - Agent path: null
02:34:30.050 [ApplicationImpl pooled thread 507] INFO  c.b.l.BrowserStackRunExtension - junit
02:34:30.050 [ApplicationImpl pooled thread 507] INFO  com.browserstack.utils.Helpers - null
02:34:30.051 [ApplicationImpl pooled thread 507] INFO  c.b.l.BrowserStackRunExtension - Agent path: null
02:35:13.652 [ApplicationImpl pooled thread 504] INFO  c.b.l.BrowserStackRunExtension - junit
02:35:13.652 [ApplicationImpl pooled thread 504] INFO  com.browserstack.utils.Helpers - null
02:35:13.653 [ApplicationImpl pooled thread 504] INFO  c.b.l.BrowserStackRunExtension - Agent path: null
02:37:07.076 [ApplicationImpl pooled thread 513] INFO  c.b.l.BrowserStackRunExtension - junit
02:37:07.076 [ApplicationImpl pooled thread 513] INFO  com.browserstack.utils.Helpers - null
02:37:07.077 [ApplicationImpl pooled thread 513] INFO  c.b.l.BrowserStackRunExtension - Agent path: null
02:38:27.521 [ApplicationImpl pooled thread 520] INFO  c.b.l.BrowserStackRunExtension - cucumber java
02:38:27.522 [ApplicationImpl pooled thread 520] INFO  com.browserstack.utils.Helpers - null
02:38:27.523 [ApplicationImpl pooled thread 520] INFO  c.b.l.BrowserStackRunExtension - Agent path: null
02:39:35.993 [ApplicationImpl pooled thread 505] INFO  c.b.l.BrowserStackRunExtension - cucumber java
02:39:35.993 [ApplicationImpl pooled thread 505] INFO  com.browserstack.utils.Helpers - null
02:39:35.996 [ApplicationImpl pooled thread 505] INFO  c.b.l.BrowserStackRunExtension - Agent path: null
02:51:53.543 [ApplicationImpl pooled thread 533] INFO  c.b.l.BrowserStackRunExtension - cucumber java
02:51:53.544 [ApplicationImpl pooled thread 533] INFO  com.browserstack.utils.Helpers - null
02:51:53.546 [ApplicationImpl pooled thread 533] INFO  c.b.l.BrowserStackRunExtension - Agent path: null
02:53:37.534 [ApplicationImpl pooled thread 537] INFO  c.b.l.BrowserStackRunExtension - cucumber java
02:53:37.535 [ApplicationImpl pooled thread 537] INFO  com.browserstack.utils.Helpers - null
02:53:37.536 [ApplicationImpl pooled thread 537] INFO  c.b.l.BrowserStackRunExtension - Agent path: null
02:55:56.119 [ApplicationImpl pooled thread 536] INFO  c.b.l.BrowserStackRunExtension - cucumber java
02:55:56.119 [ApplicationImpl pooled thread 536] INFO  com.browserstack.utils.Helpers - null
02:55:56.121 [ApplicationImpl pooled thread 536] INFO  c.b.l.BrowserStackRunExtension - Agent path: null
02:56:07.280 [ApplicationImpl pooled thread 544] INFO  c.b.l.BrowserStackRunExtension - cucumber java
02:56:07.281 [ApplicationImpl pooled thread 544] INFO  com.browserstack.utils.Helpers - null
02:56:07.283 [ApplicationImpl pooled thread 544] INFO  c.b.l.BrowserStackRunExtension - Agent path: null
02:56:50.237 [ApplicationImpl pooled thread 544] INFO  c.b.l.BrowserStackRunExtension - cucumber java
02:56:50.237 [ApplicationImpl pooled thread 544] INFO  com.browserstack.utils.Helpers - null
02:56:50.238 [ApplicationImpl pooled thread 544] INFO  c.b.l.BrowserStackRunExtension - Agent path: null
22:16:35.121 [ApplicationImpl pooled thread 33] INFO  c.b.l.BrowserStackRunExtension - junit
22:16:35.123 [ApplicationImpl pooled thread 33] INFO  com.browserstack.utils.Helpers - null
22:16:35.124 [ApplicationImpl pooled thread 33] INFO  c.b.l.BrowserStackRunExtension - Agent path: null
22:19:56.515 [ApplicationImpl pooled thread 33] INFO  c.b.l.BrowserStackRunExtension - junit
22:19:56.515 [ApplicationImpl pooled thread 33] INFO  com.browserstack.utils.Helpers - null
22:19:56.516 [ApplicationImpl pooled thread 33] INFO  c.b.l.BrowserStackRunExtension - Agent path: null
22:20:51.994 [ApplicationImpl pooled thread 39] INFO  c.b.l.BrowserStackRunExtension - junit
22:20:51.994 [ApplicationImpl pooled thread 39] INFO  com.browserstack.utils.Helpers - null
22:20:51.996 [ApplicationImpl pooled thread 39] INFO  c.b.l.BrowserStackRunExtension - Agent path: null
22:22:15.893 [ApplicationImpl pooled thread 41] INFO  c.b.l.BrowserStackRunExtension - junit
22:22:15.893 [ApplicationImpl pooled thread 41] INFO  com.browserstack.utils.Helpers - null
22:22:15.894 [ApplicationImpl pooled thread 41] INFO  c.b.l.BrowserStackRunExtension - Agent path: null
22:22:31.624 [ApplicationImpl pooled thread 41] INFO  c.b.l.BrowserStackRunExtension - junit
22:22:31.624 [ApplicationImpl pooled thread 41] INFO  com.browserstack.utils.Helpers - null
22:22:31.625 [ApplicationImpl pooled thread 41] INFO  c.b.l.BrowserStackRunExtension - Agent path: null
22:25:54.944 [ApplicationImpl pooled thread 41] INFO  c.b.l.BrowserStackRunExtension - junit
22:25:54.944 [ApplicationImpl pooled thread 41] INFO  com.browserstack.utils.Helpers - null
22:25:54.945 [ApplicationImpl pooled thread 41] INFO  c.b.l.BrowserStackRunExtension - Agent path: null
22:26:23.555 [ApplicationImpl pooled thread 44] INFO  c.b.l.BrowserStackRunExtension - junit
22:26:23.555 [ApplicationImpl pooled thread 44] INFO  com.browserstack.utils.Helpers - null
22:26:23.556 [ApplicationImpl pooled thread 44] INFO  c.b.l.BrowserStackRunExtension - Agent path: null
22:29:32.065 [ApplicationImpl pooled thread 43] INFO  c.b.l.BrowserStackRunExtension - junit
22:29:32.065 [ApplicationImpl pooled thread 43] INFO  com.browserstack.utils.Helpers - null
22:29:32.066 [ApplicationImpl pooled thread 43] INFO  c.b.l.BrowserStackRunExtension - Agent path: null
22:30:23.722 [ApplicationImpl pooled thread 43] INFO  c.b.l.BrowserStackRunExtension - junit
22:30:23.722 [ApplicationImpl pooled thread 43] INFO  com.browserstack.utils.Helpers - null
22:30:23.723 [ApplicationImpl pooled thread 43] INFO  c.b.l.BrowserStackRunExtension - Agent path: null
22:31:39.428 [ApplicationImpl pooled thread 47] INFO  c.b.l.BrowserStackRunExtension - junit
22:31:39.428 [ApplicationImpl pooled thread 47] INFO  com.browserstack.utils.Helpers - null
22:31:39.428 [ApplicationImpl pooled thread 47] INFO  c.b.l.BrowserStackRunExtension - Agent path: null
22:31:49.856 [ApplicationImpl pooled thread 54] INFO  c.b.l.BrowserStackRunExtension - junit
22:31:49.857 [ApplicationImpl pooled thread 54] INFO  com.browserstack.utils.Helpers - null
22:31:49.860 [ApplicationImpl pooled thread 54] INFO  c.b.l.BrowserStackRunExtension - Agent path: null
22:32:00.192 [ApplicationImpl pooled thread 54] INFO  c.b.l.BrowserStackRunExtension - junit
22:32:00.192 [ApplicationImpl pooled thread 54] INFO  com.browserstack.utils.Helpers - null
22:32:00.193 [ApplicationImpl pooled thread 54] INFO  c.b.l.BrowserStackRunExtension - Agent path: null
22:32:50.321 [ApplicationImpl pooled thread 56] INFO  c.b.l.BrowserStackRunExtension - junit
22:32:50.321 [ApplicationImpl pooled thread 56] INFO  com.browserstack.utils.Helpers - null
22:32:50.323 [ApplicationImpl pooled thread 56] INFO  c.b.l.BrowserStackRunExtension - Agent path: null
22:43:56.211 [ApplicationImpl pooled thread 64] INFO  c.b.l.BrowserStackRunExtension - junit
22:43:56.212 [ApplicationImpl pooled thread 64] INFO  com.browserstack.utils.Helpers - null
22:43:56.214 [ApplicationImpl pooled thread 64] INFO  c.b.l.BrowserStackRunExtension - Agent path: null
23:03:14.704 [ApplicationImpl pooled thread 78] INFO  c.b.l.BrowserStackRunExtension - junit
23:03:14.704 [ApplicationImpl pooled thread 78] INFO  com.browserstack.utils.Helpers - null
23:03:14.705 [ApplicationImpl pooled thread 78] INFO  c.b.l.BrowserStackRunExtension - Agent path: null
23:12:06.990 [ApplicationImpl pooled thread 87] INFO  c.b.l.BrowserStackRunExtension - cucumber java
23:12:06.990 [ApplicationImpl pooled thread 87] INFO  com.browserstack.utils.Helpers - null
23:12:06.991 [ApplicationImpl pooled thread 87] INFO  c.b.l.BrowserStackRunExtension - Agent path: null
23:12:56.508 [ApplicationImpl pooled thread 94] INFO  c.b.l.BrowserStackRunExtension - cucumber java
23:12:56.508 [ApplicationImpl pooled thread 94] INFO  com.browserstack.utils.Helpers - null
23:12:56.509 [ApplicationImpl pooled thread 94] INFO  c.b.l.BrowserStackRunExtension - Agent path: null
23:13:58.635 [ApplicationImpl pooled thread 91] INFO  c.b.l.BrowserStackRunExtension - cucumber java
23:13:58.635 [ApplicationImpl pooled thread 91] INFO  com.browserstack.utils.Helpers - null
23:13:58.636 [ApplicationImpl pooled thread 91] INFO  c.b.l.BrowserStackRunExtension - Agent path: null
00:07:24.051 [ApplicationImpl pooled thread 114] INFO  c.b.l.BrowserStackRunExtension - cucumber java
00:07:24.051 [ApplicationImpl pooled thread 114] INFO  com.browserstack.utils.Helpers - null
00:07:24.052 [ApplicationImpl pooled thread 114] INFO  c.b.l.BrowserStackRunExtension - Agent path: null
00:19:31.372 [ApplicationImpl pooled thread 130] INFO  c.b.l.BrowserStackRunExtension - cucumber java
00:19:31.372 [ApplicationImpl pooled thread 130] INFO  com.browserstack.utils.Helpers - null
00:19:31.373 [ApplicationImpl pooled thread 130] INFO  c.b.l.BrowserStackRunExtension - Agent path: null
00:20:32.110 [ApplicationImpl pooled thread 131] INFO  c.b.l.BrowserStackRunExtension - cucumber java
00:20:32.111 [ApplicationImpl pooled thread 131] INFO  com.browserstack.utils.Helpers - null
00:20:32.113 [ApplicationImpl pooled thread 131] INFO  c.b.l.BrowserStackRunExtension - Agent path: null
00:21:01.806 [ApplicationImpl pooled thread 130] INFO  c.b.l.BrowserStackRunExtension - cucumber java
00:21:01.806 [ApplicationImpl pooled thread 130] INFO  com.browserstack.utils.Helpers - null
00:21:01.807 [ApplicationImpl pooled thread 130] INFO  c.b.l.BrowserStackRunExtension - Agent path: null
00:23:02.398 [ApplicationImpl pooled thread 133] INFO  c.b.l.BrowserStackRunExtension - cucumber java
00:23:02.398 [ApplicationImpl pooled thread 133] INFO  com.browserstack.utils.Helpers - null
00:23:02.400 [ApplicationImpl pooled thread 133] INFO  c.b.l.BrowserStackRunExtension - Agent path: null
00:23:51.652 [ApplicationImpl pooled thread 137] INFO  c.b.l.BrowserStackRunExtension - cucumber java
00:23:51.653 [ApplicationImpl pooled thread 137] INFO  com.browserstack.utils.Helpers - null
00:23:51.655 [ApplicationImpl pooled thread 137] INFO  c.b.l.BrowserStackRunExtension - Agent path: null
00:24:21.947 [ApplicationImpl pooled thread 134] INFO  c.b.l.BrowserStackRunExtension - cucumber java
00:24:21.947 [ApplicationImpl pooled thread 134] INFO  com.browserstack.utils.Helpers - null
00:24:21.949 [ApplicationImpl pooled thread 134] INFO  c.b.l.BrowserStackRunExtension - Agent path: null
00:25:33.146 [ApplicationImpl pooled thread 134] INFO  c.b.l.BrowserStackRunExtension - cucumber java
00:25:33.146 [ApplicationImpl pooled thread 134] INFO  com.browserstack.utils.Helpers - null
00:25:33.148 [ApplicationImpl pooled thread 134] INFO  c.b.l.BrowserStackRunExtension - Agent path: null
00:29:24.028 [ApplicationImpl pooled thread 142] INFO  c.b.l.BrowserStackRunExtension - cucumber java
00:29:24.028 [ApplicationImpl pooled thread 142] INFO  com.browserstack.utils.Helpers - null
00:29:24.029 [ApplicationImpl pooled thread 142] INFO  c.b.l.BrowserStackRunExtension - Agent path: null
00:31:35.037 [ApplicationImpl pooled thread 149] INFO  c.b.l.BrowserStackRunExtension - cucumber java
00:31:35.038 [ApplicationImpl pooled thread 149] INFO  com.browserstack.utils.Helpers - null
00:31:35.039 [ApplicationImpl pooled thread 149] INFO  c.b.l.BrowserStackRunExtension - Agent path: null
00:31:59.396 [ApplicationImpl pooled thread 141] INFO  c.b.l.BrowserStackRunExtension - cucumber java
00:31:59.396 [ApplicationImpl pooled thread 141] INFO  com.browserstack.utils.Helpers - null
00:31:59.398 [ApplicationImpl pooled thread 141] INFO  c.b.l.BrowserStackRunExtension - Agent path: null
00:32:32.183 [ApplicationImpl pooled thread 141] INFO  c.b.l.BrowserStackRunExtension - cucumber java
00:32:32.183 [ApplicationImpl pooled thread 141] INFO  com.browserstack.utils.Helpers - null
00:32:32.184 [ApplicationImpl pooled thread 141] INFO  c.b.l.BrowserStackRunExtension - Agent path: null
20:15:14.615 [ApplicationImpl pooled thread 44] INFO  c.b.l.BrowserStackRunExtension - cucumber java
20:15:14.617 [ApplicationImpl pooled thread 44] INFO  com.browserstack.utils.Helpers - null
20:15:14.618 [ApplicationImpl pooled thread 44] INFO  c.b.l.BrowserStackRunExtension - Agent path: null
20:25:53.717 [ApplicationImpl pooled thread 46] INFO  c.b.l.BrowserStackRunExtension - junit
20:25:53.718 [ApplicationImpl pooled thread 46] INFO  com.browserstack.utils.Helpers - null
20:25:53.720 [ApplicationImpl pooled thread 46] INFO  c.b.l.BrowserStackRunExtension - Agent path: null
20:26:32.691 [ApplicationImpl pooled thread 53] INFO  c.b.l.BrowserStackRunExtension - junit
20:26:32.691 [ApplicationImpl pooled thread 53] INFO  com.browserstack.utils.Helpers - null
20:26:32.692 [ApplicationImpl pooled thread 53] INFO  c.b.l.BrowserStackRunExtension - Agent path: null
20:39:20.894 [ApplicationImpl pooled thread 63] INFO  c.b.l.BrowserStackRunExtension - cucumber java
20:39:20.894 [ApplicationImpl pooled thread 63] INFO  com.browserstack.utils.Helpers - null
20:39:20.895 [ApplicationImpl pooled thread 63] INFO  c.b.l.BrowserStackRunExtension - Agent path: null
20:40:00.740 [ApplicationImpl pooled thread 71] INFO  c.b.l.BrowserStackRunExtension - cucumber java
20:40:00.740 [ApplicationImpl pooled thread 71] INFO  com.browserstack.utils.Helpers - null
20:40:00.742 [ApplicationImpl pooled thread 71] INFO  c.b.l.BrowserStackRunExtension - Agent path: null
20:40:27.309 [ApplicationImpl pooled thread 69] INFO  c.b.l.BrowserStackRunExtension - cucumber java
20:40:27.309 [ApplicationImpl pooled thread 69] INFO  com.browserstack.utils.Helpers - null
20:40:27.310 [ApplicationImpl pooled thread 69] INFO  c.b.l.BrowserStackRunExtension - Agent path: null
20:41:38.336 [ApplicationImpl pooled thread 72] INFO  c.b.l.BrowserStackRunExtension - cucumber java
20:41:38.338 [ApplicationImpl pooled thread 72] INFO  com.browserstack.utils.Helpers - null
20:41:38.339 [ApplicationImpl pooled thread 72] INFO  c.b.l.BrowserStackRunExtension - Agent path: null
20:42:11.766 [ApplicationImpl pooled thread 69] INFO  c.b.l.BrowserStackRunExtension - cucumber java
20:42:11.766 [ApplicationImpl pooled thread 69] INFO  com.browserstack.utils.Helpers - null
20:42:11.768 [ApplicationImpl pooled thread 69] INFO  c.b.l.BrowserStackRunExtension - Agent path: null
20:46:04.527 [ApplicationImpl pooled thread 77] INFO  c.b.l.BrowserStackRunExtension - cucumber java
20:46:04.527 [ApplicationImpl pooled thread 77] INFO  com.browserstack.utils.Helpers - null
20:46:04.528 [ApplicationImpl pooled thread 77] INFO  c.b.l.BrowserStackRunExtension - Agent path: null
20:51:04.723 [ApplicationImpl pooled thread 83] INFO  c.b.l.BrowserStackRunExtension - cucumber java
20:51:04.723 [ApplicationImpl pooled thread 83] INFO  com.browserstack.utils.Helpers - null
20:51:04.725 [ApplicationImpl pooled thread 83] INFO  c.b.l.BrowserStackRunExtension - Agent path: null
20:59:38.505 [ApplicationImpl pooled thread 83] INFO  c.b.l.BrowserStackRunExtension - cucumber java
20:59:38.505 [ApplicationImpl pooled thread 83] INFO  com.browserstack.utils.Helpers - null
20:59:38.508 [ApplicationImpl pooled thread 83] INFO  c.b.l.BrowserStackRunExtension - Agent path: null
21:14:36.354 [ApplicationImpl pooled thread 110] INFO  c.b.l.BrowserStackRunExtension - cucumber java
21:14:36.354 [ApplicationImpl pooled thread 110] INFO  com.browserstack.utils.Helpers - null
21:14:36.355 [ApplicationImpl pooled thread 110] INFO  c.b.l.BrowserStackRunExtension - Agent path: null
21:16:36.303 [ApplicationImpl pooled thread 103] INFO  c.b.l.BrowserStackRunExtension - cucumber java
21:16:36.303 [ApplicationImpl pooled thread 103] INFO  com.browserstack.utils.Helpers - null
21:16:36.305 [ApplicationImpl pooled thread 103] INFO  c.b.l.BrowserStackRunExtension - Agent path: null
21:18:50.923 [ApplicationImpl pooled thread 118] INFO  c.b.l.BrowserStackRunExtension - cucumber java
21:18:50.924 [ApplicationImpl pooled thread 118] INFO  com.browserstack.utils.Helpers - null
21:18:50.926 [ApplicationImpl pooled thread 118] INFO  c.b.l.BrowserStackRunExtension - Agent path: null
21:36:01.598 [ApplicationImpl pooled thread 132] INFO  c.b.l.BrowserStackRunExtension - junit
21:36:01.598 [ApplicationImpl pooled thread 132] INFO  com.browserstack.utils.Helpers - null
21:36:01.599 [ApplicationImpl pooled thread 132] INFO  c.b.l.BrowserStackRunExtension - Agent path: null
21:40:00.367 [ApplicationImpl pooled thread 139] INFO  c.b.l.BrowserStackRunExtension - junit
21:40:00.367 [ApplicationImpl pooled thread 139] INFO  com.browserstack.utils.Helpers - null
21:40:00.369 [ApplicationImpl pooled thread 139] INFO  c.b.l.BrowserStackRunExtension - Agent path: null
21:43:02.810 [ApplicationImpl pooled thread 144] INFO  c.b.l.BrowserStackRunExtension - junit
21:43:02.810 [ApplicationImpl pooled thread 144] INFO  com.browserstack.utils.Helpers - null
21:43:02.811 [ApplicationImpl pooled thread 144] INFO  c.b.l.BrowserStackRunExtension - Agent path: null
21:43:41.082 [ApplicationImpl pooled thread 140] INFO  c.b.l.BrowserStackRunExtension - junit
21:43:41.082 [ApplicationImpl pooled thread 140] INFO  com.browserstack.utils.Helpers - null
21:43:41.082 [ApplicationImpl pooled thread 140] INFO  c.b.l.BrowserStackRunExtension - Agent path: null
21:44:08.373 [ApplicationImpl pooled thread 140] INFO  c.b.l.BrowserStackRunExtension - cucumber java
21:44:08.373 [ApplicationImpl pooled thread 140] INFO  com.browserstack.utils.Helpers - null
21:44:08.374 [ApplicationImpl pooled thread 140] INFO  c.b.l.BrowserStackRunExtension - Agent path: null
21:45:41.463 [ApplicationImpl pooled thread 165] INFO  c.b.l.BrowserStackRunExtension - junit
21:45:41.464 [ApplicationImpl pooled thread 165] INFO  com.browserstack.utils.Helpers - null
21:45:41.465 [ApplicationImpl pooled thread 165] INFO  c.b.l.BrowserStackRunExtension - Agent path: null
21:46:26.809 [ApplicationImpl pooled thread 144] INFO  c.b.l.BrowserStackRunExtension - junit
21:46:26.809 [ApplicationImpl pooled thread 144] INFO  com.browserstack.utils.Helpers - null
21:46:26.811 [ApplicationImpl pooled thread 144] INFO  c.b.l.BrowserStackRunExtension - Agent path: null
21:50:04.282 [ApplicationImpl pooled thread 168] INFO  c.b.l.BrowserStackRunExtension - junit
21:50:04.283 [ApplicationImpl pooled thread 168] INFO  com.browserstack.utils.Helpers - null
21:50:04.284 [ApplicationImpl pooled thread 168] INFO  c.b.l.BrowserStackRunExtension - Agent path: null
21:51:22.578 [ApplicationImpl pooled thread 174] INFO  c.b.l.BrowserStackRunExtension - junit
21:51:22.578 [ApplicationImpl pooled thread 174] INFO  com.browserstack.utils.Helpers - null
21:51:22.580 [ApplicationImpl pooled thread 174] INFO  c.b.l.BrowserStackRunExtension - Agent path: null
21:52:32.221 [ApplicationImpl pooled thread 173] INFO  c.b.l.BrowserStackRunExtension - cucumber java
21:52:32.221 [ApplicationImpl pooled thread 173] INFO  com.browserstack.utils.Helpers - null
21:52:32.222 [ApplicationImpl pooled thread 173] INFO  c.b.l.BrowserStackRunExtension - Agent path: null
21:53:11.611 [ApplicationImpl pooled thread 171] INFO  c.b.l.BrowserStackRunExtension - junit
21:53:11.611 [ApplicationImpl pooled thread 171] INFO  com.browserstack.utils.Helpers - null
21:53:11.612 [ApplicationImpl pooled thread 171] INFO  c.b.l.BrowserStackRunExtension - Agent path: null
21:55:16.258 [ApplicationImpl pooled thread 167] INFO  c.b.l.BrowserStackRunExtension - cucumber java
21:55:16.258 [ApplicationImpl pooled thread 167] INFO  com.browserstack.utils.Helpers - null
21:55:16.260 [ApplicationImpl pooled thread 167] INFO  c.b.l.BrowserStackRunExtension - Agent path: null
21:55:37.594 [ApplicationImpl pooled thread 167] INFO  c.b.l.BrowserStackRunExtension - cucumber java
21:55:37.595 [ApplicationImpl pooled thread 167] INFO  com.browserstack.utils.Helpers - null
21:55:37.597 [ApplicationImpl pooled thread 167] INFO  c.b.l.BrowserStackRunExtension - Agent path: null
21:58:06.874 [ApplicationImpl pooled thread 181] INFO  c.b.l.BrowserStackRunExtension - junit
21:58:06.874 [ApplicationImpl pooled thread 181] INFO  com.browserstack.utils.Helpers - null
21:58:06.875 [ApplicationImpl pooled thread 181] INFO  c.b.l.BrowserStackRunExtension - Agent path: null
21:58:47.927 [ApplicationImpl pooled thread 180] INFO  c.b.l.BrowserStackRunExtension - junit
21:58:47.928 [ApplicationImpl pooled thread 180] INFO  com.browserstack.utils.Helpers - null
21:58:47.928 [ApplicationImpl pooled thread 180] INFO  c.b.l.BrowserStackRunExtension - Agent path: null
22:00:58.825 [ApplicationImpl pooled thread 186] INFO  c.b.l.BrowserStackRunExtension - junit
22:00:58.825 [ApplicationImpl pooled thread 186] INFO  com.browserstack.utils.Helpers - null
22:00:58.826 [ApplicationImpl pooled thread 186] INFO  c.b.l.BrowserStackRunExtension - Agent path: null
22:05:25.840 [ApplicationImpl pooled thread 188] INFO  c.b.l.BrowserStackRunExtension - junit
22:05:25.840 [ApplicationImpl pooled thread 188] INFO  com.browserstack.utils.Helpers - null
22:05:25.841 [ApplicationImpl pooled thread 188] INFO  c.b.l.BrowserStackRunExtension - Agent path: null
22:07:01.088 [ApplicationImpl pooled thread 194] INFO  c.b.l.BrowserStackRunExtension - junit
22:07:01.088 [ApplicationImpl pooled thread 194] INFO  com.browserstack.utils.Helpers - null
22:07:01.089 [ApplicationImpl pooled thread 194] INFO  c.b.l.BrowserStackRunExtension - Agent path: null
22:08:08.860 [ApplicationImpl pooled thread 193] INFO  c.b.l.BrowserStackRunExtension - junit
22:08:08.860 [ApplicationImpl pooled thread 193] INFO  com.browserstack.utils.Helpers - null
22:08:08.860 [ApplicationImpl pooled thread 193] INFO  c.b.l.BrowserStackRunExtension - Agent path: null
22:08:57.184 [ApplicationImpl pooled thread 196] INFO  c.b.l.BrowserStackRunExtension - junit
22:08:57.184 [ApplicationImpl pooled thread 196] INFO  com.browserstack.utils.Helpers - null
22:08:57.185 [ApplicationImpl pooled thread 196] INFO  c.b.l.BrowserStackRunExtension - Agent path: null
22:12:26.224 [ApplicationImpl pooled thread 206] INFO  c.b.l.BrowserStackRunExtension - junit
22:12:26.224 [ApplicationImpl pooled thread 206] INFO  com.browserstack.utils.Helpers - null
22:12:26.225 [ApplicationImpl pooled thread 206] INFO  c.b.l.BrowserStackRunExtension - Agent path: null
22:12:52.081 [ApplicationImpl pooled thread 204] INFO  c.b.l.BrowserStackRunExtension - junit
22:12:52.081 [ApplicationImpl pooled thread 204] INFO  com.browserstack.utils.Helpers - null
22:12:52.082 [ApplicationImpl pooled thread 204] INFO  c.b.l.BrowserStackRunExtension - Agent path: null
22:13:49.928 [ApplicationImpl pooled thread 20] INFO  c.b.l.BrowserStackRunExtension - junit
22:13:49.930 [ApplicationImpl pooled thread 20] INFO  com.browserstack.utils.Helpers - null
22:13:49.932 [ApplicationImpl pooled thread 20] INFO  c.b.l.BrowserStackRunExtension - Agent path: null
22:14:10.927 [ApplicationImpl pooled thread 6] INFO  c.b.l.BrowserStackRunExtension - junit
22:14:10.927 [ApplicationImpl pooled thread 6] INFO  com.browserstack.utils.Helpers - null
22:14:10.930 [ApplicationImpl pooled thread 6] INFO  c.b.l.BrowserStackRunExtension - Agent path: null
22:14:28.969 [ApplicationImpl pooled thread 15] INFO  c.b.l.BrowserStackRunExtension - junit
22:14:28.969 [ApplicationImpl pooled thread 15] INFO  com.browserstack.utils.Helpers - null
22:14:28.970 [ApplicationImpl pooled thread 15] INFO  c.b.l.BrowserStackRunExtension - Agent path: null
22:14:44.711 [ApplicationImpl pooled thread 2] INFO  c.b.l.BrowserStackRunExtension - junit
22:14:44.711 [ApplicationImpl pooled thread 2] INFO  com.browserstack.utils.Helpers - null
22:14:44.712 [ApplicationImpl pooled thread 2] INFO  c.b.l.BrowserStackRunExtension - Agent path: null
22:15:20.264 [ApplicationImpl pooled thread 10] INFO  c.b.l.BrowserStackRunExtension - cucumber java
22:15:20.265 [ApplicationImpl pooled thread 10] INFO  com.browserstack.utils.Helpers - null
22:15:20.265 [ApplicationImpl pooled thread 10] INFO  c.b.l.BrowserStackRunExtension - Agent path: null
22:19:29.026 [ApplicationImpl pooled thread 33] INFO  c.b.l.BrowserStackRunExtension - junit
22:19:29.027 [ApplicationImpl pooled thread 33] INFO  com.browserstack.utils.Helpers - null
22:19:29.027 [ApplicationImpl pooled thread 33] INFO  c.b.l.BrowserStackRunExtension - Agent path: null
22:24:01.180 [ApplicationImpl pooled thread 37] INFO  c.b.l.BrowserStackRunExtension - junit
22:24:01.180 [ApplicationImpl pooled thread 37] INFO  com.browserstack.utils.Helpers - null
22:24:01.180 [ApplicationImpl pooled thread 37] INFO  c.b.l.BrowserStackRunExtension - Agent path: null
22:24:41.636 [ApplicationImpl pooled thread 43] INFO  c.b.l.BrowserStackRunExtension - junit
22:24:41.636 [ApplicationImpl pooled thread 43] INFO  com.browserstack.utils.Helpers - null
22:24:41.638 [ApplicationImpl pooled thread 43] INFO  c.b.l.BrowserStackRunExtension - Agent path: null
22:25:22.408 [ApplicationImpl pooled thread 43] INFO  c.b.l.BrowserStackRunExtension - junit
22:25:22.408 [ApplicationImpl pooled thread 43] INFO  com.browserstack.utils.Helpers - null
22:25:22.409 [ApplicationImpl pooled thread 43] INFO  c.b.l.BrowserStackRunExtension - Agent path: null
22:27:34.887 [ApplicationImpl pooled thread 39] INFO  c.b.l.BrowserStackRunExtension - junit
22:27:34.887 [ApplicationImpl pooled thread 39] INFO  com.browserstack.utils.Helpers - null
22:27:34.889 [ApplicationImpl pooled thread 39] INFO  c.b.l.BrowserStackRunExtension - Agent path: null
22:28:00.212 [ApplicationImpl pooled thread 27] INFO  c.b.l.BrowserStackRunExtension - junit
22:28:00.213 [ApplicationImpl pooled thread 27] INFO  com.browserstack.utils.Helpers - null
22:28:00.215 [ApplicationImpl pooled thread 27] INFO  c.b.l.BrowserStackRunExtension - Agent path: null
22:28:21.695 [ApplicationImpl pooled thread 41] INFO  c.b.l.BrowserStackRunExtension - testng
22:28:21.695 [ApplicationImpl pooled thread 41] INFO  com.browserstack.utils.Helpers - null
22:28:21.696 [ApplicationImpl pooled thread 41] INFO  c.b.l.BrowserStackRunExtension - Agent path: null
22:29:52.886 [ApplicationImpl pooled thread 44] INFO  c.b.l.BrowserStackRunExtension - junit
22:29:52.887 [ApplicationImpl pooled thread 44] INFO  com.browserstack.utils.Helpers - null
22:29:52.888 [ApplicationImpl pooled thread 44] INFO  c.b.l.BrowserStackRunExtension - Agent path: null
22:31:33.098 [ApplicationImpl pooled thread 39] INFO  c.b.l.BrowserStackRunExtension - junit
22:31:33.098 [ApplicationImpl pooled thread 39] INFO  com.browserstack.utils.Helpers - null
22:31:33.100 [ApplicationImpl pooled thread 39] INFO  c.b.l.BrowserStackRunExtension - Agent path: null
22:32:29.798 [ApplicationImpl pooled thread 59] INFO  c.b.l.BrowserStackRunExtension - junit
22:32:29.798 [ApplicationImpl pooled thread 59] INFO  com.browserstack.utils.Helpers - null
22:32:29.799 [ApplicationImpl pooled thread 59] INFO  c.b.l.BrowserStackRunExtension - Agent path: null
22:33:52.284 [ApplicationImpl pooled thread 60] INFO  c.b.l.BrowserStackRunExtension - junit
22:33:52.284 [ApplicationImpl pooled thread 60] INFO  com.browserstack.utils.Helpers - null
22:33:52.285 [ApplicationImpl pooled thread 60] INFO  c.b.l.BrowserStackRunExtension - Agent path: null
22:34:46.244 [ApplicationImpl pooled thread 58] INFO  c.b.l.BrowserStackRunExtension - junit
22:34:46.244 [ApplicationImpl pooled thread 58] INFO  com.browserstack.utils.Helpers - null
22:34:46.245 [ApplicationImpl pooled thread 58] INFO  c.b.l.BrowserStackRunExtension - Agent path: null
22:35:45.740 [ApplicationImpl pooled thread 74] INFO  c.b.l.BrowserStackRunExtension - junit
22:35:45.741 [ApplicationImpl pooled thread 74] INFO  com.browserstack.utils.Helpers - null
22:35:45.751 [ApplicationImpl pooled thread 74] INFO  c.b.l.BrowserStackRunExtension - Agent path: null
22:37:44.320 [ApplicationImpl pooled thread 74] INFO  c.b.l.BrowserStackRunExtension - testng
22:37:44.320 [ApplicationImpl pooled thread 74] INFO  com.browserstack.utils.Helpers - null
22:37:44.321 [ApplicationImpl pooled thread 74] INFO  c.b.l.BrowserStackRunExtension - Agent path: null
22:39:36.559 [ApplicationImpl pooled thread 86] INFO  c.b.l.BrowserStackRunExtension - testng
22:39:36.559 [ApplicationImpl pooled thread 86] INFO  com.browserstack.utils.Helpers - null
22:39:36.559 [ApplicationImpl pooled thread 86] INFO  c.b.l.BrowserStackRunExtension - Agent path: null
22:41:21.931 [ApplicationImpl pooled thread 95] INFO  c.b.l.BrowserStackRunExtension - cucumber java
22:41:21.932 [ApplicationImpl pooled thread 95] INFO  com.browserstack.utils.Helpers - null
22:41:21.933 [ApplicationImpl pooled thread 95] INFO  c.b.l.BrowserStackRunExtension - Agent path: null
22:42:15.718 [ApplicationImpl pooled thread 44] INFO  c.b.l.BrowserStackRunExtension - testng
22:42:15.718 [ApplicationImpl pooled thread 44] INFO  com.browserstack.utils.Helpers - null
22:42:15.720 [ApplicationImpl pooled thread 44] INFO  c.b.l.BrowserStackRunExtension - Agent path: null
22:43:55.616 [ApplicationImpl pooled thread 97] INFO  c.b.l.BrowserStackRunExtension - testng
22:43:55.616 [ApplicationImpl pooled thread 97] INFO  com.browserstack.utils.Helpers - null
22:43:55.616 [ApplicationImpl pooled thread 97] INFO  c.b.l.BrowserStackRunExtension - Agent path: null
22:47:58.258 [ApplicationImpl pooled thread 100] INFO  c.b.l.BrowserStackRunExtension - testng
22:47:58.259 [ApplicationImpl pooled thread 100] INFO  com.browserstack.utils.Helpers - null
22:47:58.259 [ApplicationImpl pooled thread 100] INFO  c.b.l.BrowserStackRunExtension - Agent path: null
22:51:53.686 [ApplicationImpl pooled thread 116] INFO  c.b.l.BrowserStackRunExtension - testng
22:51:53.686 [ApplicationImpl pooled thread 116] INFO  com.browserstack.utils.Helpers - null
22:51:53.687 [ApplicationImpl pooled thread 116] INFO  c.b.l.BrowserStackRunExtension - Agent path: null
23:33:14.388 [ApplicationImpl pooled thread 146] INFO  c.b.l.BrowserStackRunExtension - testng
23:33:14.389 [ApplicationImpl pooled thread 146] INFO  com.browserstack.utils.Helpers - null
23:33:14.389 [ApplicationImpl pooled thread 146] INFO  c.b.l.BrowserStackRunExtension - Agent path: null
00:21:46.602 [ApplicationImpl pooled thread 164] INFO  c.b.l.BrowserStackRunExtension - cucumber java
00:21:46.602 [ApplicationImpl pooled thread 164] INFO  com.browserstack.utils.Helpers - null
00:21:46.605 [ApplicationImpl pooled thread 164] INFO  c.b.l.BrowserStackRunExtension - Agent path: null
00:26:12.255 [ApplicationImpl pooled thread 173] INFO  c.b.l.BrowserStackRunExtension - cucumber java
00:26:12.256 [ApplicationImpl pooled thread 173] INFO  com.browserstack.utils.Helpers - null
00:26:12.257 [ApplicationImpl pooled thread 173] INFO  c.b.l.BrowserStackRunExtension - Agent path: null
00:29:08.593 [ApplicationImpl pooled thread 184] INFO  c.b.l.BrowserStackRunExtension - testng
00:29:08.593 [ApplicationImpl pooled thread 184] INFO  com.browserstack.utils.Helpers - null
00:29:08.593 [ApplicationImpl pooled thread 184] INFO  c.b.l.BrowserStackRunExtension - Agent path: null
00:32:07.144 [ApplicationImpl pooled thread 190] INFO  c.b.l.BrowserStackRunExtension - testng
00:32:07.144 [ApplicationImpl pooled thread 190] INFO  com.browserstack.utils.Helpers - null
00:32:07.145 [ApplicationImpl pooled thread 190] INFO  c.b.l.BrowserStackRunExtension - Agent path: null
00:34:12.899 [ApplicationImpl pooled thread 195] INFO  c.b.l.BrowserStackRunExtension - testng
00:34:12.899 [ApplicationImpl pooled thread 195] INFO  com.browserstack.utils.Helpers - null
00:34:12.899 [ApplicationImpl pooled thread 195] INFO  c.b.l.BrowserStackRunExtension - Agent path: null
00:34:23.539 [ApplicationImpl pooled thread 195] INFO  c.b.l.BrowserStackRunExtension - testng
00:34:23.539 [ApplicationImpl pooled thread 195] INFO  com.browserstack.utils.Helpers - null
00:34:23.540 [ApplicationImpl pooled thread 195] INFO  c.b.l.BrowserStackRunExtension - Agent path: null
00:36:01.965 [ApplicationImpl pooled thread 208] INFO  c.b.l.BrowserStackRunExtension - cucumber java
00:36:01.965 [ApplicationImpl pooled thread 208] INFO  com.browserstack.utils.Helpers - null
00:36:01.967 [ApplicationImpl pooled thread 208] INFO  c.b.l.BrowserStackRunExtension - Agent path: null
00:39:30.497 [ApplicationImpl pooled thread 209] INFO  c.b.l.BrowserStackRunExtension - testng
00:39:30.497 [ApplicationImpl pooled thread 209] INFO  com.browserstack.utils.Helpers - null
00:39:30.498 [ApplicationImpl pooled thread 209] INFO  c.b.l.BrowserStackRunExtension - Agent path: null
00:41:29.107 [ApplicationImpl pooled thread 215] INFO  c.b.l.BrowserStackRunExtension - testng
00:41:29.107 [ApplicationImpl pooled thread 215] INFO  com.browserstack.utils.Helpers - null
00:41:29.108 [ApplicationImpl pooled thread 215] INFO  c.b.l.BrowserStackRunExtension - Agent path: null
00:42:43.220 [ApplicationImpl pooled thread 226] INFO  c.b.l.BrowserStackRunExtension - cucumber java
00:42:43.221 [ApplicationImpl pooled thread 226] INFO  com.browserstack.utils.Helpers - null
00:42:43.223 [ApplicationImpl pooled thread 226] INFO  c.b.l.BrowserStackRunExtension - Agent path: null
00:42:56.376 [ApplicationImpl pooled thread 232] INFO  c.b.l.BrowserStackRunExtension - cucumber java
00:42:56.376 [ApplicationImpl pooled thread 232] INFO  com.browserstack.utils.Helpers - null
00:42:56.378 [ApplicationImpl pooled thread 232] INFO  c.b.l.BrowserStackRunExtension - Agent path: null
00:44:35.936 [ApplicationImpl pooled thread 232] INFO  c.b.l.BrowserStackRunExtension - testng
00:44:35.937 [ApplicationImpl pooled thread 232] INFO  com.browserstack.utils.Helpers - null
00:44:35.938 [ApplicationImpl pooled thread 232] INFO  c.b.l.BrowserStackRunExtension - Agent path: null
00:46:34.999 [ApplicationImpl pooled thread 235] INFO  c.b.l.BrowserStackRunExtension - testng
00:46:34.999 [ApplicationImpl pooled thread 235] INFO  com.browserstack.utils.Helpers - null
00:46:34.999 [ApplicationImpl pooled thread 235] INFO  c.b.l.BrowserStackRunExtension - Agent path: null
01:29:34.305 [ApplicationImpl pooled thread 269] INFO  c.b.l.BrowserStackRunExtension - testng
01:29:34.305 [ApplicationImpl pooled thread 269] INFO  com.browserstack.utils.Helpers - null
01:29:34.305 [ApplicationImpl pooled thread 269] INFO  c.b.l.BrowserStackRunExtension - Agent path: null
01:42:17.525 [ApplicationImpl pooled thread 287] INFO  c.b.l.BrowserStackRunExtension - testng
01:42:17.525 [ApplicationImpl pooled thread 287] INFO  com.browserstack.utils.Helpers - null
01:42:17.526 [ApplicationImpl pooled thread 287] INFO  c.b.l.BrowserStackRunExtension - Agent path: null
01:45:25.095 [ApplicationImpl pooled thread 305] INFO  c.b.l.BrowserStackRunExtension - testng
01:45:25.095 [ApplicationImpl pooled thread 305] INFO  com.browserstack.utils.Helpers - null
01:45:25.096 [ApplicationImpl pooled thread 305] INFO  c.b.l.BrowserStackRunExtension - Agent path: null
02:06:12.126 [ApplicationImpl pooled thread 335] INFO  c.b.l.BrowserStackRunExtension - cucumber java
02:06:12.126 [ApplicationImpl pooled thread 335] INFO  com.browserstack.utils.Helpers - null
02:06:12.128 [ApplicationImpl pooled thread 335] INFO  c.b.l.BrowserStackRunExtension - Agent path: null
02:11:39.588 [ApplicationImpl pooled thread 363] INFO  c.b.l.BrowserStackRunExtension - testng
02:11:39.589 [ApplicationImpl pooled thread 363] INFO  com.browserstack.utils.Helpers - null
02:11:39.590 [ApplicationImpl pooled thread 363] INFO  c.b.l.BrowserStackRunExtension - Agent path: null
02:16:19.161 [ApplicationImpl pooled thread 370] INFO  c.b.l.BrowserStackRunExtension - cucumber java
02:16:19.162 [ApplicationImpl pooled thread 370] INFO  com.browserstack.utils.Helpers - null
02:16:19.163 [ApplicationImpl pooled thread 370] INFO  c.b.l.BrowserStackRunExtension - Agent path: null
02:16:56.124 [ApplicationImpl pooled thread 371] INFO  c.b.l.BrowserStackRunExtension - cucumber java
02:16:56.124 [ApplicationImpl pooled thread 371] INFO  com.browserstack.utils.Helpers - null
02:16:56.126 [ApplicationImpl pooled thread 371] INFO  c.b.l.BrowserStackRunExtension - Agent path: null
02:18:38.125 [ApplicationImpl pooled thread 376] INFO  c.b.l.BrowserStackRunExtension - testng
02:18:38.125 [ApplicationImpl pooled thread 376] INFO  com.browserstack.utils.Helpers - null
02:18:38.126 [ApplicationImpl pooled thread 376] INFO  c.b.l.BrowserStackRunExtension - Agent path: null
02:20:16.861 [ApplicationImpl pooled thread 377] INFO  c.b.l.BrowserStackRunExtension - testng
02:20:16.862 [ApplicationImpl pooled thread 377] INFO  com.browserstack.utils.Helpers - null
02:20:16.862 [ApplicationImpl pooled thread 377] INFO  c.b.l.BrowserStackRunExtension - Agent path: null
02:22:13.768 [ApplicationImpl pooled thread 384] INFO  c.b.l.BrowserStackRunExtension - testng
02:22:13.768 [ApplicationImpl pooled thread 384] INFO  com.browserstack.utils.Helpers - null
02:22:13.768 [ApplicationImpl pooled thread 384] INFO  c.b.l.BrowserStackRunExtension - Agent path: null
02:53:16.545 [ApplicationImpl pooled thread 419] INFO  c.b.l.BrowserStackRunExtension - testng
02:53:16.545 [ApplicationImpl pooled thread 419] INFO  com.browserstack.utils.Helpers - null
02:53:16.545 [ApplicationImpl pooled thread 419] INFO  c.b.l.BrowserStackRunExtension - Agent path: null
02:57:15.513 [ApplicationImpl pooled thread 434] INFO  c.b.l.BrowserStackRunExtension - testng
02:57:15.513 [ApplicationImpl pooled thread 434] INFO  com.browserstack.utils.Helpers - null
02:57:15.514 [ApplicationImpl pooled thread 434] INFO  c.b.l.BrowserStackRunExtension - Agent path: null
02:57:51.415 [ApplicationImpl pooled thread 455] INFO  c.b.l.BrowserStackRunExtension - testng
02:57:51.416 [ApplicationImpl pooled thread 455] INFO  com.browserstack.utils.Helpers - null
02:57:51.416 [ApplicationImpl pooled thread 455] INFO  c.b.l.BrowserStackRunExtension - Agent path: null
02:58:27.471 [ApplicationImpl pooled thread 444] INFO  c.b.l.BrowserStackRunExtension - testng
02:58:27.471 [ApplicationImpl pooled thread 444] INFO  com.browserstack.utils.Helpers - null
02:58:27.472 [ApplicationImpl pooled thread 444] INFO  c.b.l.BrowserStackRunExtension - Agent path: null
02:58:37.081 [ApplicationImpl pooled thread 444] INFO  c.b.l.BrowserStackRunExtension - testng
02:58:37.081 [ApplicationImpl pooled thread 444] INFO  com.browserstack.utils.Helpers - null
02:58:37.081 [ApplicationImpl pooled thread 444] INFO  c.b.l.BrowserStackRunExtension - Agent path: null
02:59:00.579 [ApplicationImpl pooled thread 447] INFO  c.b.l.BrowserStackRunExtension - testng
02:59:00.579 [ApplicationImpl pooled thread 447] INFO  com.browserstack.utils.Helpers - null
02:59:00.580 [ApplicationImpl pooled thread 447] INFO  c.b.l.BrowserStackRunExtension - Agent path: null
02:59:54.609 [ApplicationImpl pooled thread 454] INFO  c.b.l.BrowserStackRunExtension - testng
02:59:54.609 [ApplicationImpl pooled thread 454] INFO  com.browserstack.utils.Helpers - null
02:59:54.610 [ApplicationImpl pooled thread 454] INFO  c.b.l.BrowserStackRunExtension - Agent path: null
03:00:51.827 [ApplicationImpl pooled thread 465] INFO  c.b.l.BrowserStackRunExtension - testng
03:00:51.827 [ApplicationImpl pooled thread 465] INFO  com.browserstack.utils.Helpers - null
03:00:51.827 [ApplicationImpl pooled thread 465] INFO  c.b.l.BrowserStackRunExtension - Agent path: null
03:02:17.801 [ApplicationImpl pooled thread 465] INFO  c.b.l.BrowserStackRunExtension - testng
03:02:17.801 [ApplicationImpl pooled thread 465] INFO  com.browserstack.utils.Helpers - null
03:02:17.802 [ApplicationImpl pooled thread 465] INFO  c.b.l.BrowserStackRunExtension - Agent path: null
03:03:20.589 [ApplicationImpl pooled thread 466] INFO  c.b.l.BrowserStackRunExtension - testng
03:03:20.589 [ApplicationImpl pooled thread 466] INFO  com.browserstack.utils.Helpers - null
03:03:20.590 [ApplicationImpl pooled thread 466] INFO  c.b.l.BrowserStackRunExtension - Agent path: null
03:04:21.416 [ApplicationImpl pooled thread 465] INFO  c.b.l.BrowserStackRunExtension - testng
03:04:21.416 [ApplicationImpl pooled thread 465] INFO  com.browserstack.utils.Helpers - null
03:04:21.417 [ApplicationImpl pooled thread 465] INFO  c.b.l.BrowserStackRunExtension - Agent path: null
